Arguments: 
  /home/neenu/.nvm/versions/node/v8.5.0/bin/node /usr/share/yarn/bin/yarn.js start

PATH: 
  /home/neenu/.nvm/versions/node/v8.5.0/bin:/home/neenu/bin:/home/neenu/.local/bin:/usr/local/sbin:/usr/local/bin:/usr/sbin:/usr/bin:/sbin:/bin:/usr/games:/usr/local/games:/snap/bin:/home/neenu/.yarn/bin

Yarn version: 
  1.5.1

Node version: 
  8.5.0

Platform: 
  linux x64

npm manifest: 
  No manifest

yarn manifest: 
  No manifest

Lockfile: 
  No lockfile

Trace: 
  Error: Couldn't find a package.json file in "/home/neenu/qwic-assgn"
      at new MessageError (/usr/share/yarn/lib/cli.js:186:110)
      at /usr/share/yarn/lib/cli.js:40048:15
      at Generator.next (<anonymous>)
      at step (/usr/share/yarn/lib/cli.js:98:30)
      at /usr/share/yarn/lib/cli.js:109:13
      at <anonymous>
